Performing C SOURCE FILE Test CMAKE_HAVE_LIBC_PTHREAD failed with the following output:
Change Dir: /gris/gris-f/homelv/dmarino/PMPP_Project/build/CMakeFiles/CMakeTmp

Run Build Command(s):/usr/bin/make cmTC_c9c16/fast && /usr/bin/make -f CMakeFiles/cmTC_c9c16.dir/build.make CMakeFiles/cmTC_c9c16.dir/build
make[1]: Entering directory '/gris/gris-f/homelv/dmarino/PMPP_Project/build/CMakeFiles/CMakeTmp'
Building C object CMakeFiles/cmTC_c9c16.dir/src.c.o
/usr/bin/cc   -fPIC -DCMAKE_HAVE_LIBC_PTHREAD   -o CMakeFiles/cmTC_c9c16.dir/src.c.o   -c /gris/gris-f/homelv/dmarino/PMPP_Project/build/CMakeFiles/CMakeTmp/src.c
Linking C executable cmTC_c9c16
/usr/local/bin/cmake -E cmake_link_script CMakeFiles/cmTC_c9c16.dir/link.txt --verbose=1
/usr/bin/cc -fPIC -DCMAKE_HAVE_LIBC_PTHREAD    -rdynamic CMakeFiles/cmTC_c9c16.dir/src.c.o  -o cmTC_c9c16 
CMakeFiles/cmTC_c9c16.dir/src.c.o: In function `main':
src.c:(.text+0x3e): undefined reference to `pthread_create'
src.c:(.text+0x4a): undefined reference to `pthread_detach'
src.c:(.text+0x5b): undefined reference to `pthread_join'
src.c:(.text+0x6f): undefined reference to `pthread_atfork'
collect2: error: ld returned 1 exit status
CMakeFiles/cmTC_c9c16.dir/build.make:86: recipe for target 'cmTC_c9c16' failed
make[1]: *** [cmTC_c9c16] Error 1
make[1]: Leaving directory '/gris/gris-f/homelv/dmarino/PMPP_Project/build/CMakeFiles/CMakeTmp'
Makefile:121: recipe for target 'cmTC_c9c16/fast' failed
make: *** [cmTC_c9c16/fast] Error 2


Source file was:
#include <pthread.h>

void* test_func(void* data)
{
  return data;
}

int main(void)
{
  pthread_t thread;
  pthread_create(&thread, NULL, test_func, NULL);
  pthread_detach(thread);
  pthread_join(thread, NULL);
  pthread_atfork(NULL, NULL, NULL);
  pthread_exit(NULL);

  return 0;
}

Determining if the function pthread_create exists in the pthreads failed with the following output:
Change Dir: /gris/gris-f/homelv/dmarino/PMPP_Project/build/CMakeFiles/CMakeTmp

Run Build Command(s):/usr/bin/make cmTC_b49b8/fast && /usr/bin/make -f CMakeFiles/cmTC_b49b8.dir/build.make CMakeFiles/cmTC_b49b8.dir/build
make[1]: Entering directory '/gris/gris-f/homelv/dmarino/PMPP_Project/build/CMakeFiles/CMakeTmp'
Building C object CMakeFiles/cmTC_b49b8.dir/CheckFunctionExists.c.o
/usr/bin/cc   -fPIC -DCHECK_FUNCTION_EXISTS=pthread_create   -o CMakeFiles/cmTC_b49b8.dir/CheckFunctionExists.c.o   -c /usr/local/share/cmake-3.15/Modules/CheckFunctionExists.c
Linking C executable cmTC_b49b8
/usr/local/bin/cmake -E cmake_link_script CMakeFiles/cmTC_b49b8.dir/link.txt --verbose=1
/usr/bin/cc -fPIC -DCHECK_FUNCTION_EXISTS=pthread_create    -rdynamic CMakeFiles/cmTC_b49b8.dir/CheckFunctionExists.c.o  -o cmTC_b49b8 -lpthreads 
/usr/bin/ld: cannot find -lpthreads
collect2: error: ld returned 1 exit status
CMakeFiles/cmTC_b49b8.dir/build.make:86: recipe for target 'cmTC_b49b8' failed
make[1]: *** [cmTC_b49b8] Error 1
make[1]: Leaving directory '/gris/gris-f/homelv/dmarino/PMPP_Project/build/CMakeFiles/CMakeTmp'
Makefile:121: recipe for target 'cmTC_b49b8/fast' failed
make: *** [cmTC_b49b8/fast] Error 2



